trunk/jewels/proguard/seeds.txt
cn.perfectgames.jewels.record.SavableLocalScore
cn.perfectgames.jewels.record.SavableLocalScores
cn.perfectgames.jewels.model.SavablePlayground
cn.perfectgames.jewels.model.ScoreAndLevel
cn.perfectgames.jewels.ui.PlaygroundView
cn.perfectgames.jewels.ui.PlaygroundView: PlaygroundView(android.content.Context,android.util.AttributeSet)
cn.perfectgames.jewels.ui.CustomPreference
cn.perfectgames.jewels.ui.CustomPreference: CustomPreference(android.content.Context,android.util.AttributeSet)
cn.perfectgames.jewels.ui.PlaygroundView
cn.perfectgames.jewels.ui.PlaygroundView: PlaygroundView(android.content.Context,android.util.AttributeSet,int)
cn.perfectgames.jewels.model.Playground$AnimationState: cn.perfectgames.jewels.model.Playground$AnimationState[] values()
cn.perfectgames.jewels.model.Playground$AnimationState: cn.perfectgames.jewels.model.Playground$AnimationState valueOf(java.lang.String)
cn.perfectgames.jewels.activities.PlaygroundActivity$State: cn.perfectgames.jewels.activities.PlaygroundActivity$State[] values()
cn.perfectgames.jewels.activities.PlaygroundActivity$State: cn.perfectgames.jewels.activities.PlaygroundActivity$State valueOf(java.lang.String)
cn.perfectgames.jewels.util.BitmapUtil$Direction: cn.perfectgames.jewels.util.BitmapUtil$Direction[] values()
cn.perfectgames.jewels.util.BitmapUtil$Direction: cn.perfectgames.jewels.util.BitmapUtil$Direction valueOf(java.lang.String)
cn.perfectgames.jewels.control.Command: cn.perfectgames.jewels.control.Command[] values()
cn.perfectgames.jewels.control.Command: cn.perfectgames.jewels.control.Command valueOf(java.lang.String)
cn.perfectgames.jewels.model.Playground$State: cn.perfectgames.jewels.model.Playground$State[] values()
cn.perfectgames.jewels.model.Playground$State: cn.perfectgames.jewels.model.Playground$State valueOf(java.lang.String)
cn.perfectgames.jewels.activities.AnimationTestActivity
cn.perfectgames.jewels.activities.WorldRankActivity
cn.perfectgames.jewels.activities.MainActivity
cn.perfectgames.jewels.activities.AboutActivity
cn.perfectgames.jewels.activities.PlaygroundActivity
cn.perfectgames.jewels.activities.HighScoreActivity
cn.perfectgames.jewels.activities.LocalRankActivity
cn.perfectgames.jewels.activities.Preferences
...
com.heyzap.sdk.R$styleable
com.heyzap.sdk.R$xml
com.heyzap.sdk.R$attr
com.heyzap.sdk.R$id
com.heyzap.sdk.R$style
com.heyzap.sdk.R$color
com.heyzap.sdk.R$drawable
com.heyzap.sdk.HeyzapButton
com.heyzap.sdk.R
com.heyzap.sdk.R$raw
com.heyzap.sdk.R$layout
com.heyzap.sdk.R$array
com.heyzap.sdk.R$string
com.heyzap.sdk.HeyzapLib
com.heyzap.sdk.HeyzapAnalytics
com.google.ads.AdView
com.google.ads.AdView: AdView(android.content.Context,android.util.AttributeSet)
com.heyzap.sdk.HeyzapButton
com.heyzap.sdk.HeyzapButton: HeyzapButton(android.content.Context,android.util.AttributeSet)
com.google.ads.AdView
com.google.ads.AdView: AdView(android.content.Context,android.util.AttributeSet,int)
com.heyzap.sdk.HeyzapButton
com.heyzap.sdk.HeyzapButton: HeyzapButton(android.content.Context,android.util.AttributeSet,int)
com.google.gson.LongSerializationPolicy: com.google.gson.LongSerializationPolicy[] values()
com.google.gson.LongSerializationPolicy: com.google.gson.LongSerializationPolicy valueOf(java.lang.String)
com.google.ads.AdRequest$ErrorCode: com.google.ads.AdRequest$ErrorCode[] values()
com.google.ads.AdRequest$ErrorCode: com.google.ads.AdRequest$ErrorCode valueOf(java.lang.String)
com.google.gson.ModifyFirstLetterNamingPolicy$LetterModifier: com.google.gson.ModifyFirstLetterNamingPolicy$LetterModifier[] values()
com.google.gson.ModifyFirstLetterNamingPolicy$LetterModifier: com.google.gson.ModifyFirstLetterNamingPolicy$LetterModifier valueOf(java.lang.String)
u$a: u$a[] values()
u$a: u$a valueOf(java.lang.String)
a$a: a$a[] values()
a$a: a$a valueOf(java.lang.String)
com.google.gson.FieldNamingPolicy: com.google.gson.FieldNamingPolicy[] values()
com.google.gson.FieldNamingPolicy: com.google.gson.FieldNamingPolicy valueOf(java.lang.String)
com.google.ads.AdRequest$Gender: com.google.ads.AdRequest$Gender[] values()
com.google.ads.AdRequest$Gender: com.google.ads.AdRequest$Gender valueOf(java.lang.String)
com.google.ads.AdActivity
com.google.ads.InstallReceiver