trunk/jewels/proguard/mapping.txt
cn.perfectgames.jewels.activities.AboutActivity -> cn.perfectgames.jewels.activities.AboutActivity:
    void onCreate(android.os.Bundle) -> onCreate
cn.perfectgames.jewels.activities.AnimationTestActivity -> cn.perfectgames.jewels.activities.AnimationTestActivity:
    void onCreate(android.os.Bundle) -> onCreate
cn.perfectgames.jewels.activities.HighScoreActivity -> cn.perfectgames.jewels.activities.HighScoreActivity:
    android.os.Handler adHandler -> a
    cn.perfectgames.jewels.util.AdDaemon adDaemon -> b
    void onCreate(android.os.Bundle) -> onCreate
    void onDestroy() -> onDestroy
    void onPause() -> onPause
    void onResume() -> onResume
    void onClick(android.view.View) -> onClick
cn.perfectgames.jewels.activities.LocalRankActivity -> cn.perfectgames.jewels.activities.LocalRankActivity:
    void onCreate(android.os.Bundle) -> onCreate
cn.perfectgames.jewels.activities.LocalRankActivity$1 -> cn.perfectgames.jewels.activities.l:
    cn.perfectgames.jewels.activities.LocalRankActivity this$0 -> a
    void onItemClick(android.widget.AdapterView,android.view.View,int,long) -> onItemClick
cn.perfectgames.jewels.activities.MainActivity -> cn.perfectgames.jewels.activities.MainActivity:
    byte[] SALT -> a
    android.graphics.Typeface buttonFont -> b
    android.app.Dialog progressDialog -> c
    android.os.Handler adHandler -> d
    cn.perfectgames.jewels.util.AdDaemon adDaemon -> e
    void onCreate(android.os.Bundle) -> onCreate
    void onDestroy() -> onDestroy
    void onPause() -> onPause
    void onResume() -> onResume
    void onClick(android.view.View) -> onClick
    void onActivityResult(int,int,android.content.Intent) -> onActivityResult
    boolean onKeyDown(int,android.view.KeyEvent) -> onKeyDown
    void customizeButton(android.widget.Button) -> a
    void submitReport() -> a
    android.app.Dialog access$0(cn.perfectgames.jewels.activities.MainActivity) -> a
    void access$1$1a65fec5(cn.perfectgames.jewels.activities.MainActivity) -> b
    void access$2(cn.perfectgames.jewels.activities.MainActivity,java.lang.String) -> a
cn.perfectgames.jewels.activities.MainActivity$1 -> cn.perfectgames.jewels.activities.c:
    cn.perfectgames.jewels.activities.MainActivity this$0 -> a
    void onClick(android.content.DialogInterface,int) -> onClick
cn.perfectgames.jewels.activities.MainActivity$2 -> cn.perfectgames.jewels.activities.e:
    cn.perfectgames.jewels.activities.MainActivity this$0 -> a
    android.widget.EditText val$input -> b
    void onClick(android.content.DialogInterface,int) -> onClick
cn.perfectgames.jewels.activities.MainActivity$3 -> cn.perfectgames.jewels.activities.f:
    cn.perfectgames.jewels.activities.MainActivity this$0 -> a
    void onClick(android.content.DialogInterface,int) -> onClick
cn.perfectgames.jewels.activities.MainActivity$4 -> cn.perfectgames.jewels.activities.d:
    cn.perfectgames.jewels.activities.MainActivity this$0 -> a
    void onClick(android.content.DialogInterface,int) -> onClick
cn.perfectgames.jewels.activities.MainActivity$SubmitRecordThread -> cn.perfectgames.jewels.activities.h:
    java.lang.String report -> b
    cn.perfectgames.jewels.activities.MainActivity this$0 -> a
    void run() -> run
cn.perfectgames.jewels.activities.MainActivity$SubmitRecordThread$1 -> cn.perfectgames.jewels.activities.k:
    cn.perfectgames.jewels.activities.MainActivity$SubmitRecordThread this$1 -> a
    int val$sc -> b
    void run() -> run
...
com.google.gson.ac -> com.google.a.an:
    com.google.gson.an a -> a
    com.google.gson.aq b -> b
    boolean c -> c
    com.google.gson.aj d -> d
    com.google.gson.JsonElement serialize(java.lang.Object,java.lang.reflect.Type) -> a
    com.google.gson.JsonElement a(java.lang.Object,java.lang.reflect.Type) -> b
com.google.gson.ad -> com.google.a.am:
    com.google.gson.an a -> a
    com.google.gson.aq b -> b
    boolean c -> c
    com.google.gson.JsonSerializationContext d -> d
    com.google.gson.aj e -> e
    com.google.gson.JsonElement f -> f
    void start(com.google.gson.ao) -> a
    void end(com.google.gson.ao) -> b
    void startVisitingObject$5d527811() -> a
    void visitArray(java.lang.Object,java.lang.reflect.Type) -> a
    void visitArrayField(com.google.gson.FieldAttributes,java.lang.reflect.Type,java.lang.Object) -> b
    void visitObjectField(com.google.gson.FieldAttributes,java.lang.reflect.Type,java.lang.Object) -> a
    void visitPrimitive(java.lang.Object) -> a
    void a(com.google.gson.FieldAttributes,com.google.gson.ao) -> a
    void a(com.google.gson.FieldAttributes,com.google.gson.JsonElement) -> a
    com.google.gson.JsonElement a(com.google.gson.ao) -> d
    boolean visitUsingCustomHandler(com.google.gson.ao) -> c
    com.google.gson.JsonElement b(com.google.gson.ao) -> e
    boolean visitFieldUsingCustomHandler(com.google.gson.FieldAttributes,java.lang.reflect.Type,java.lang.Object) -> c
    void a(com.google.gson.JsonElement) -> a
    boolean a(com.google.gson.FieldAttributes,java.lang.Object) -> a
    java.lang.Object b(com.google.gson.FieldAttributes,java.lang.Object) -> b
    com.google.gson.JsonElement a() -> b
com.google.gson.ae -> com.google.a.bh:
    com.google.gson.u a -> a
    boolean b -> b
    void a(com.google.gson.JsonElement) -> a
com.google.gson.ah -> com.google.a.bi:
    int a -> a
    void a(java.lang.Object,java.lang.Object) -> a
    void clear() -> clear
    java.lang.Object a(java.lang.Object) -> a
    int size() -> size
    boolean removeEldestEntry(java.util.Map$Entry) -> removeEldestEntry
com.google.gson.ai -> com.google.a.bc:
    java.util.logging.Logger a -> a
    com.google.gson.aq b -> b
    java.lang.String toString() -> toString
com.google.gson.aj -> com.google.a.bd:
    java.util.Stack a -> a
    com.google.gson.ao a(com.google.gson.ao) -> a
    com.google.gson.ao a() -> a
    boolean b(com.google.gson.ao) -> b
com.google.gson.ak -> com.google.a.bf:
    java.util.Collection a -> a
    boolean shouldSkipField(com.google.gson.FieldAttributes) -> a
    boolean shouldSkipClass(java.lang.Class) -> a
com.google.gson.al -> com.google.a.bg:
    boolean shouldSkipField(com.google.gson.FieldAttributes) -> a
    boolean shouldSkipClass(java.lang.Class) -> a
com.google.gson.an -> com.google.a.aw:
    com.google.gson.ExclusionStrategy a -> a
    com.google.gson.k b -> b
    com.google.gson.ObjectNavigator a(com.google.gson.ao) -> a
    com.google.gson.k a() -> a
com.google.gson.annotations.SerializedName -> com.google.a.a.a:
    java.lang.String value() -> a
com.google.gson.ao -> com.google.a.ay:
    java.lang.Object b -> b
    java.lang.reflect.Type a -> a
    boolean c -> c
    java.lang.Object a() -> a
    void a(java.lang.Object) -> a
    com.google.gson.ap a(com.google.gson.aq) -> a
    com.google.gson.ao b() -> b
    int hashCode() -> hashCode
    boolean equals(java.lang.Object) -> equals
com.google.gson.ap -> com.google.a.bb:
    java.lang.Object a -> a
    java.lang.Object b -> b
    int hashCode() -> hashCode
    boolean equals(java.lang.Object) -> equals
    boolean a(java.lang.Object,java.lang.Object) -> a
    java.lang.String toString() -> toString